modulesCore/videoview/build/intermediates/manifest_merge_blame_file/debug/processDebugManifest/manifest-merger-blame-debug-report.txt
1<?xml version="1.0" encoding="utf-8"?>
2<manifest xmlns:android="http://schemas.android.com/apk/res/android"
3    package="com.example.module.videoview" >
4
5    <uses-sdk android:minSdkVersion="28" />
6
7    <uses-permission android:name="android.permission.INTERNET" />
7-->src\main\AndroidManifest.xml:3:5-67
7-->src\main\AndroidManifest.xml:3:22-64
8
9    <application>
9-->src\main\AndroidManifest.xml:4:5-9:19
10        <activity
10-->src\main\AndroidManifest.xml:5:9-8:20
11            android:name="com.example.module.videoview.view.VideoActivity"
11-->src\main\AndroidManifest.xml:6:13-47
12            android:exported="true" >
12-->src\main\AndroidManifest.xml:7:13-36
13        </activity>
14    </application>
15
16</manifest>